<?xml version="1.0" encoding="UTF-8"?>
<coverage generated="1513194488181" clover="3.2.0">
  <project timestamp="1513194488181" name="All files">
    <metrics statements="14" coveredstatements="14" conditionals="10" coveredconditionals="9" methods="6" coveredmethods="6" elements="30" coveredelements="29" complexity="0" loc="14" ncloc="14" packages="2" files="4" classes="4">
      <package name="reduce">
        <metrics statements="10" coveredstatements="10" conditionals="6" coveredconditionals="6" methods="5" coveredmethods="5"/>
        <file name="main-reduce-recursive.js" path="c:\Users\luciano.lourenco\Documents\Luciano\Pessoal\GIT\github\estudo\ReactNinjaExample\my-examples\m02\jest-in-practice\src\reduce\main-reduce-recursive.js">
          <metrics statements="8" coveredstatements="8" conditionals="6" coveredconditionals="6" methods="4" coveredmethods="4"/>
          <line num="3" count="14" type="stmt"/>
          <line num="5" count="1" type="stmt"/>
          <line num="6" count="7" type="cond" truecount="2" falsecount="0"/>
          <line num="7" count="7" type="cond" truecount="2" falsecount="0"/>
          <line num="9" count="7" type="stmt"/>
          <line num="10" count="24" type="stmt"/>
          <line num="11" count="24" type="stmt"/>
          <line num="13" count="24" type="cond" truecount="2" falsecount="0"/>
        </file>
        <file name="reduce-recursive.js" path="c:\Users\luciano.lourenco\Documents\Luciano\Pessoal\GIT\github\estudo\ReactNinjaExample\my-examples\m02\jest-in-practice\src\reduce\reduce-recursive.js">
          <metrics statements="1" coveredstatements="1" conditionals="0" coveredconditionals="0" methods="0" coveredmethods="0"/>
          <line num="5" count="1" type="stmt"/>
        </file>
        <file name="reduce-right-recursive.js" path="c:\Users\luciano.lourenco\Documents\Luciano\Pessoal\GIT\github\estudo\ReactNinjaExample\my-examples\m02\jest-in-practice\src\reduce\reduce-right-recursive.js">
          <metrics statements="1" coveredstatements="1" conditionals="0" coveredconditionals="0" methods="1" coveredmethods="1"/>
          <line num="6" count="1" type="stmt"/>
        </file>
      </package>
      <package name="reverse">
        <metrics statements="4" coveredstatements="4" conditionals="4" coveredconditionals="3" methods="1" coveredmethods="1"/>
        <file name="reverse-recursive.js" path="c:\Users\luciano.lourenco\Documents\Luciano\Pessoal\GIT\github\estudo\ReactNinjaExample\my-examples\m02\jest-in-practice\src\reverse\reverse-recursive.js">
          <metrics statements="4" coveredstatements="4" conditionals="4" coveredconditionals="3" methods="1" coveredmethods="1"/>
          <line num="3" count="1" type="stmt"/>
          <line num="4" count="4" type="cond" truecount="2" falsecount="0"/>
          <line num="5" count="1" type="cond" truecount="1" falsecount="1"/>
          <line num="10" count="3" type="stmt"/>
        </file>
      </package>
    </metrics>
  </project>
</coverage>
