<?xml version="1.0" encoding="UTF-8"?>
<coverage generated="1511559551425" clover="3.2.0">
  <project timestamp="1511559551425" name="All files">
    <metrics statements="5" coveredstatements="3" conditionals="2" coveredconditionals="0" methods="1" coveredmethods="1" elements="8" coveredelements="4" complexity="0" loc="5" ncloc="5" packages="1" files="1" classes="1">
      <file name="every.js" path="c:\Users\luciano.lourenco\Desktop\git_barauna\ReactNinjaExample\my-examples\m02\jest-in-practice\src\every\every.js">
        <metrics statements="5" coveredstatements="3" conditionals="2" coveredconditionals="0" methods="1" coveredmethods="1"/>
        <line num="1" count="2" type="stmt"/>
        <line num="2" count="10" type="stmt"/>
        <line num="3" count="0" type="cond" truecount="0" falsecount="2"/>
        <line num="4" count="0" type="stmt"/>
        <line num="8" count="10" type="stmt"/>
      </file>
    </metrics>
  </project>
</coverage>
