{"/Users/baraunaluciano/Documents/desenv/github/estudos/ReactNinjaExample/my-examples/m02/jest-in-practice/src/find/find.js": {"path":"/Users/baraunaluciano/Documents/desenv/github/estudos/ReactNinjaExample/my-examples/m02/jest-in-practice/src/find/find.js","statementMap":{"0":{"start":{"line":2,"column":13},"end":{"line":9,"column":1}},"1":{"start":{"line":3,"column":2},"end":{"line":7,"column":3}},"2":{"start":{"line":4,"column":4},"end":{"line":6,"column":5}},"3":{"start":{"line":5,"column":6},"end":{"line":5,"column":19}},"4":{"start":{"line":8,"column":2},"end":{"line":8,"column":18}}},"fnMap":{"0":{"name":"(anonymous_0)","decl":{"start":{"line":2,"column":13},"end":{"line":2,"column":14}},"loc":{"start":{"line":2,"column":28},"end":{"line":9,"column":1}},"line":2}},"branchMap":{"0":{"loc":{"start":{"line":4,"column":4},"end":{"line":6,"column":5}},"type":"if","locations":[{"start":{"line":4,"column":4},"end":{"line":6,"column":5}},{"start":{"line":4,"column":4},"end":{"line":6,"column":5}}],"line":4}},"s":{"0":1,"1":5,"2":8,"3":4,"4":1},"f":{"0":5},"b":{"0":[4,4]},"_coverageSchema":"332fd63041d2c1bcb487cc26dd0d5f7d97098a6c","hash":"0c775bdcc6dc4cbf489c39bdd61708b10ba5daaa"}
}
