{"c:\\Users\\luciano.lourenco\\Documents\\Luciano\\Pessoal\\GIT\\github\\estudo\\ReactNinjaExample\\my-examples\\m02\\jest-in-practice\\src\\some\\some-recursive.js": {"path":"c:\\Users\\luciano.lourenco\\Documents\\Luciano\\Pessoal\\GIT\\github\\estudo\\ReactNinjaExample\\my-examples\\m02\\jest-in-practice\\src\\some\\some-recursive.js","statementMap":{"0":{"start":{"line":3,"column":13},"end":{"line":13,"column":1}},"1":{"start":{"line":4,"column":2},"end":{"line":12,"column":12}},"2":{"start":{"line":5,"column":28},"end":{"line":5,"column":41}},"3":{"start":{"line":7,"column":4},"end":{"line":11,"column":43}}},"fnMap":{"0":{"name":"(anonymous_0)","decl":{"start":{"line":3,"column":13},"end":{"line":3,"column":14}},"loc":{"start":{"line":3,"column":28},"end":{"line":13,"column":1}},"line":3},"1":{"name":"someInternal","decl":{"start":{"line":4,"column":19},"end":{"line":4,"column":31}},"loc":{"start":{"line":4,"column":57},"end":{"line":12,"column":3}},"line":4}},"branchMap":{"0":{"loc":{"start":{"line":7,"column":11},"end":{"line":11,"column":43}},"type":"cond-expr","locations":[{"start":{"line":8,"column":8},"end":{"line":8,"column":13}},{"start":{"line":9,"column":10},"end":{"line":11,"column":43}}],"line":7},"1":{"loc":{"start":{"line":9,"column":10},"end":{"line":11,"column":43}},"type":"cond-expr","locations":[{"start":{"line":10,"column":12},"end":{"line":10,"column":16}},{"start":{"line":11,"column":12},"end":{"line":11,"column":43}}],"line":9}},"s":{"0":1,"1":5,"2":8,"3":8},"f":{"0":5,"1":8},"b":{"0":[2,6],"1":[3,3]},"_coverageSchema":"332fd63041d2c1bcb487cc26dd0d5f7d97098a6c","hash":"b2cc275b84f4cd83492ccca3e7e9f660906359d9"}
}
