TN:
SF:/Users/baraunaluciano/Documents/desenv/github/estudos/ReactNinjaExample/my-examples/m02/jest-in-practice/src/filter/filter-recursive.js
FN:3,(anonymous_0)
FN:4,filterInternal
FNF:2
FNH:2
FNDA:5,(anonymous_0)
FNDA:24,filterInternal
DA:3,1
DA:4,5
DA:5,24
DA:7,24
LF:4
LH:4
BRDA:7,0,0,5
BRDA:7,0,1,19
BRDA:9,1,0,14
BRDA:9,1,1,5
BRF:4
BRH:4
end_of_record
TN:
SF:/Users/baraunaluciano/Documents/desenv/github/estudos/ReactNinjaExample/my-examples/m02/jest-in-practice/src/filter/filter.js
FN:3,(anonymous_0)
FNF:1
FNH:1
FNDA:5,(anonymous_0)
DA:3,1
DA:4,5
DA:6,5
DA:7,19
DA:8,14
DA:11,5
LF:6
LH:6
BRDA:7,0,0,14
BRDA:7,0,1,5
BRF:2
BRH:2
end_of_record
