<?xml version="1.0" encoding="UTF-8"?>
<coverage generated="1516611036230" clover="3.2.0">
  <project timestamp="1516611036230" name="All files">
    <metrics statements="20" coveredstatements="20" conditionals="8" coveredconditionals="8" methods="5" coveredmethods="5" elements="33" coveredelements="33" complexity="0" loc="20" ncloc="20" packages="1" files="1" classes="1">
      <file name="index.js" path="/Users/baraunaluciano/Documents/desenv/github/estudos/ReactNinjaExample/my-examples/m02/applications/github-app/src/utils/pagination/index.js">
        <metrics statements="20" coveredstatements="20" conditionals="8" coveredconditionals="8" methods="5" coveredmethods="5"/>
        <line num="3" count="1" type="stmt"/>
        <line num="4" count="9" type="cond" truecount="2" falsecount="0"/>
        <line num="5" count="3" type="stmt"/>
        <line num="7" count="6" type="stmt"/>
        <line num="10" count="1" type="stmt"/>
        <line num="11" count="6" type="cond" truecount="2" falsecount="0"/>
        <line num="12" count="8" type="stmt"/>
        <line num="14" count="3" type="stmt"/>
        <line num="15" count="3" type="stmt"/>
        <line num="17" count="9" type="stmt"/>
        <line num="20" count="15" type="stmt"/>
        <line num="22" count="3" type="stmt"/>
        <line num="23" count="3" type="stmt"/>
        <line num="25" count="3" type="cond" truecount="2" falsecount="0"/>
        <line num="26" count="1" type="stmt"/>
        <line num="33" count="3" type="stmt"/>
        <line num="34" count="3" type="stmt"/>
        <line num="36" count="3" type="cond" truecount="2" falsecount="0"/>
        <line num="37" count="2" type="stmt"/>
        <line num="45" count="3" type="stmt"/>
      </file>
    </metrics>
  </project>
</coverage>
