{"/Users/baraunaluciano/Documents/desenv/github/estudos/ReactNinjaExample/my-examples/m02/applications/github-app/src/utils/pagination/index.js": {"path":"/Users/baraunaluciano/Documents/desenv/github/estudos/ReactNinjaExample/my-examples/m02/applications/github-app/src/utils/pagination/index.js","statementMap":{"0":{"start":{"line":3,"column":19},"end":{"line":8,"column":1}},"1":{"start":{"line":4,"column":2},"end":{"line":6,"column":3}},"2":{"start":{"line":5,"column":4},"end":{"line":5,"column":12}},"3":{"start":{"line":7,"column":2},"end":{"line":7,"column":23}},"4":{"start":{"line":10,"column":19},"end":{"line":22,"column":1}},"5":{"start":{"line":11,"column":2},"end":{"line":13,"column":3}},"6":{"start":{"line":12,"column":4},"end":{"line":12,"column":57}},"7":{"start":{"line":12,"column":51},"end":{"line":12,"column":56}},"8":{"start":{"line":14,"column":23},"end":{"line":14,"column":24}},"9":{"start":{"line":15,"column":14},"end":{"line":19,"column":3}},"10":{"start":{"line":17,"column":54},"end":{"line":17,"column":91}},"11":{"start":{"line":20,"column":2},"end":{"line":20,"column":77}},"12":{"start":{"line":20,"column":47},"end":{"line":20,"column":76}},"13":{"start":{"line":21,"column":2},"end":{"line":21,"column":14}}},"fnMap":{"0":{"name":"(anonymous_0)","decl":{"start":{"line":3,"column":19},"end":{"line":3,"column":20}},"loc":{"start":{"line":3,"column":46},"end":{"line":8,"column":1}},"line":3},"1":{"name":"(anonymous_1)","decl":{"start":{"line":10,"column":19},"end":{"line":10,"column":20}},"loc":{"start":{"line":10,"column":46},"end":{"line":22,"column":1}},"line":10},"2":{"name":"(anonymous_2)","decl":{"start":{"line":12,"column":41},"end":{"line":12,"column":42}},"loc":{"start":{"line":12,"column":51},"end":{"line":12,"column":56}},"line":12},"3":{"name":"(anonymous_3)","decl":{"start":{"line":17,"column":44},"end":{"line":17,"column":45}},"loc":{"start":{"line":17,"column":54},"end":{"line":17,"column":91}},"line":17},"4":{"name":"(anonymous_4)","decl":{"start":{"line":20,"column":23},"end":{"line":20,"column":24}},"loc":{"start":{"line":20,"column":47},"end":{"line":20,"column":76}},"line":20}},"branchMap":{"0":{"loc":{"start":{"line":4,"column":2},"end":{"line":6,"column":3}},"type":"if","locations":[{"start":{"line":4,"column":2},"end":{"line":6,"column":3}},{"start":{"line":4,"column":2},"end":{"line":6,"column":3}}],"line":4},"1":{"loc":{"start":{"line":11,"column":2},"end":{"line":13,"column":3}},"type":"if","locations":[{"start":{"line":11,"column":2},"end":{"line":13,"column":3}},{"start":{"line":11,"column":2},"end":{"line":13,"column":3}}],"line":11}},"s":{"0":1,"1":6,"2":0,"3":6,"4":1,"5":5,"6":3,"7":8,"8":2,"9":2,"10":6,"11":2,"12":10,"13":2},"f":{"0":6,"1":5,"2":8,"3":6,"4":10},"b":{"0":[0,6],"1":[3,2]},"_coverageSchema":"332fd63041d2c1bcb487cc26dd0d5f7d97098a6c","hash":"d71a495a1ffd5c59966626ff6ba3aad87418ebb5"}
}
