TN:
SF:/Users/baraunaluciano/Documents/desenv/github/estudos/ReactNinjaExample/my-examples/m02/applications/github-app/src/utils/pagination/index.js
FN:3,(anonymous_0)
FN:10,(anonymous_1)
FN:12,(anonymous_2)
FN:17,(anonymous_3)
FN:20,(anonymous_4)
FNF:5
FNH:5
FNDA:9,(anonymous_0)
FNDA:6,(anonymous_1)
FNDA:8,(anonymous_2)
FNDA:9,(anonymous_3)
FNDA:15,(anonymous_4)
DA:3,1
DA:4,9
DA:5,3
DA:7,6
DA:10,1
DA:11,6
DA:12,8
DA:14,3
DA:15,3
DA:17,9
DA:20,15
DA:22,3
DA:23,3
DA:25,3
DA:26,1
DA:33,3
DA:34,3
DA:36,3
DA:37,2
DA:45,3
LF:20
LH:20
BRDA:4,0,0,3
BRDA:4,0,1,6
BRDA:11,1,0,3
BRDA:11,1,1,3
BRDA:25,2,0,1
BRDA:25,2,1,2
BRDA:36,3,0,2
BRDA:36,3,1,1
BRF:8
BRH:8
end_of_record
