TN:
SF:/Users/baraunaluciano/Documents/desenv/github/estudos/ReactNinjaExample/my-examples/m02/applications/github-app/src/utils/pagination/index.js
FN:3,(anonymous_0)
FN:15,(anonymous_1)
FN:17,(anonymous_2)
FN:22,(anonymous_3)
FN:25,(anonymous_4)
FNF:5
FNH:5
FNDA:39,(anonymous_0)
FNDA:16,(anonymous_1)
FNDA:8,(anonymous_2)
FNDA:39,(anonymous_3)
FNDA:65,(anonymous_4)
DA:3,1
DA:4,39
DA:5,6
DA:8,33
DA:9,6
DA:12,27
DA:15,1
DA:16,16
DA:17,8
DA:19,13
DA:20,13
DA:22,39
DA:25,65
DA:27,13
DA:28,13
DA:30,13
DA:31,2
DA:38,13
DA:39,13
DA:41,13
DA:42,2
DA:49,13
DA:50,13
DA:52,13
DA:53,6
DA:60,13
DA:61,13
DA:63,13
DA:64,5
DA:72,13
LF:30
LH:30
BRDA:4,0,0,6
BRDA:4,0,1,33
BRDA:8,1,0,6
BRDA:8,1,1,27
BRDA:16,2,0,3
BRDA:16,2,1,13
BRDA:30,3,0,2
BRDA:30,3,1,11
BRDA:41,4,0,2
BRDA:41,4,1,11
BRDA:52,5,0,6
BRDA:52,5,1,7
BRDA:63,6,0,5
BRDA:63,6,1,8
BRF:14
BRH:14
end_of_record
